<?xml version="1.0" encoding="UTF-8"?>
<!-- Generated by org.testng.reporters.JUnitXMLReporter -->
<testsuite hostname="Rakins-MacBook-Pro.local" failures="1" tests="1" name="Test" time="7.342" errors="0" timestamp="23 Oct 2018 23:09:46 GMT">
  <testcase classname="Step.validation" name="basePageNavigation" time="0.048">
    <failure type="java.lang.AssertionError" message="expected:&amp;lt;FEATURED COURSES&amp;gt; but was:&amp;lt;FEATURED COURSE&amp;gt;">
      <![CDATA[java.lang.AssertionError: expected:<FEATURED COURSES> but was:<FEATURED COURSE>
	at Step.validation.basePageNavigation(validation.java:35)
... Removed 26 stack frames]]>
    </failure>
  </testcase> <!-- basePageNavigation -->
</testsuite> <!-- Test -->
