<?xml version="1.0" encoding="UTF-8"?>
<testng-results total="3" passed="2" failed="1" skipped="0">
  <reporter-output>
  </reporter-output>
  <suite started-at="2018-10-23T23:09:20Z" name="Suite" finished-at="2018-10-23T23:09:46Z" duration-ms="26058">
    <groups>
    </groups>
    <test started-at="2018-10-23T23:09:20Z" name="Tests" finished-at="2018-10-23T23:09:38Z" duration-ms="18664">
      <class name="Step.Homepage">
        <test-method is-config="true" signature="initialize()[pri:0, instance:Step.Homepage@1c3146bc]" started-at="2018-10-23T19:09:20Z" name="initialize" finished-at="2018-10-23T19:09:21Z" duration-ms="1845" status="PASS">
          <reporter-output>
          </reporter-output>
        </test-method> <!-- initialize -->
        <test-method signature="basePageNavigation(java.lang.String, java.lang.String)[pri:0, instance:Step.Homepage@1c3146bc]" started-at="2018-10-23T19:09:21Z" name="basePageNavigation" data-provider="getData" finished-at="2018-10-23T19:09:31Z" duration-ms="9944" status="PASS">
          <params>
            <param index="0">
              <value>
                <![CDATA[rakin33@gmail.com]]>
              </value>
            </param>
            <param index="1">
              <value>
                <![CDATA[asdcf]]>
              </value>
            </param>
          </params>
          <reporter-output>
          </reporter-output>
        </test-method> <!-- basePageNavigation -->
        <test-method signature="basePageNavigation(java.lang.String, java.lang.String)[pri:0, instance:Step.Homepage@1c3146bc]" started-at="2018-10-23T19:09:31Z" name="basePageNavigation" data-provider="getData" finished-at="2018-10-23T19:09:38Z" duration-ms="6768" status="PASS">
          <params>
            <param index="0">
              <value>
                <![CDATA[restricteduser@qw.com]]>
              </value>
            </param>
            <param index="1">
              <value>
                <![CDATA[12234]]>
              </value>
            </param>
          </params>
          <reporter-output>
          </reporter-output>
        </test-method> <!-- basePageNavigation -->
        <test-method is-config="true" signature="teardown()[pri:0, instance:Step.Homepage@1c3146bc]" started-at="2018-10-23T19:09:38Z" name="teardown" finished-at="2018-10-23T19:09:38Z" duration-ms="88" status="PASS">
          <reporter-output>
          </reporter-output>
        </test-method> <!-- teardown -->
      </class> <!-- Step.Homepage -->
    </test> <!-- Tests -->
    <test started-at="2018-10-23T23:09:38Z" name="Test" finished-at="2018-10-23T23:09:46Z" duration-ms="7342">
      <class name="Step.validation">
        <test-method is-config="true" signature="initialize()[pri:0, instance:Step.validation@3381b4fc]" started-at="2018-10-23T19:09:38Z" name="initialize" finished-at="2018-10-23T19:09:44Z" duration-ms="6067" status="PASS">
          <reporter-output>
          </reporter-output>
        </test-method> <!-- initialize -->
        <test-method signature="basePageNavigation()[pri:0, instance:Step.validation@3381b4fc]" started-at="2018-10-23T19:09:44Z" name="basePageNavigation" finished-at="2018-10-23T19:09:44Z" duration-ms="48" status="FAIL">
          <exception class="java.lang.AssertionError">
            <message>
              <![CDATA[expected:<FEATURED COURSES> but was:<FEATURED COURSE>]]>
            </message>
            <full-stacktrace>
              <![CDATA[java.lang.AssertionError: expected:<FEATURED COURSES> but was:<FEATURED COURSE>
	at org.testng.AssertJUnit.assertEquals(AssertJUnit.java:101)
	at org.testng.AssertJUnit.assertEquals(AssertJUnit.java:108)
	at Step.validation.basePageNavigation(validation.java:35)
	at java.base/jdk.internal.reflect.NativeMethodAccessorImpl.invoke0(Native Method)
	at java.base/jdk.internal.reflect.NativeMethodAccessorImpl.invoke(NativeMethodAccessorImpl.java:62)
	at java.base/jdk.internal.reflect.DelegatingMethodAccessorImpl.invoke(DelegatingMethodAccessorImpl.java:43)
	at java.base/java.lang.reflect.Method.invoke(Method.java:564)
	at org.testng.internal.MethodInvocationHelper.invokeMethod(MethodInvocationHelper.java:80)
	at org.testng.internal.Invoker.invokeMethod(Invoker.java:714)
	at org.testng.internal.Invoker.invokeTestMethod(Invoker.java:901)
	at org.testng.internal.Invoker.invokeTestMethods(Invoker.java:1231)
	at org.testng.internal.TestMethodWorker.invokeTestMethods(TestMethodWorker.java:127)
	at org.testng.internal.TestMethodWorker.run(TestMethodWorker.java:111)
	at org.testng.TestRunner.privateRun(TestRunner.java:767)
	at org.testng.TestRunner.run(TestRunner.java:617)
	at org.testng.SuiteRunner.runTest(SuiteRunner.java:334)
	at org.testng.SuiteRunner.runSequentially(SuiteRunner.java:329)
	at org.testng.SuiteRunner.privateRun(SuiteRunner.java:291)
	at org.testng.SuiteRunner.run(SuiteRunner.java:240)
	at org.testng.SuiteRunnerWorker.runSuite(SuiteRunnerWorker.java:52)
	at org.testng.SuiteRunnerWorker.run(SuiteRunnerWorker.java:86)
	at org.testng.TestNG.runSuitesSequentially(TestNG.java:1198)
	at org.testng.TestNG.runSuitesLocally(TestNG.java:1123)
	at org.testng.TestNG.run(TestNG.java:1031)
	at org.testng.remote.AbstractRemoteTestNG.run(AbstractRemoteTestNG.java:114)
	at org.testng.remote.RemoteTestNG.initAndRun(RemoteTestNG.java:251)
	at org.testng.remote.RemoteTestNG.main(RemoteTestNG.java:77)
]]>
            </full-stacktrace>
          </exception> <!-- java.lang.AssertionError -->
          <reporter-output>
          </reporter-output>
        </test-method> <!-- basePageNavigation -->
        <test-method is-config="true" signature="teardown()[pri:0, instance:Step.validation@3381b4fc]" started-at="2018-10-23T19:09:46Z" name="teardown" finished-at="2018-10-23T19:09:46Z" duration-ms="165" status="PASS">
          <reporter-output>
          </reporter-output>
        </test-method> <!-- teardown -->
      </class> <!-- Step.validation -->
    </test> <!-- Test -->
  </suite> <!-- Suite -->
</testng-results>
